<?xml version="1.0" encoding="UTF-8"?>
<testsuite xmlns:xsi="http://www.w3.org/2001/XMLSchema-instance" xsi:noNamespaceSchemaLocation="https://maven.apache.org/surefire/maven-surefire-plugin/xsd/surefire-test-report-3.0.xsd" version="3.0" name="com.myspace.jbpm_elements_katas.ExclusiveGatewayPizzaDeliveryTest" time="1.66" tests="1" errors="0" skipped="0" failures="0">
  <properties>
    <property name="gopherProxySet" value="false"/>
    <property name="awt.toolkit" value="sun.lwawt.macosx.LWCToolkit"/>
    <property name="java.specification.version" value="11"/>
    <property name="sun.cpu.isalist" value=""/>
    <property name="sun.jnu.encoding" value="UTF-8"/>
    <property name="java.class.path" value="/Users/cleophas/Documents/my/apps/bpm/bpmkata/jbpm-elements-katas/target/test-classes:/Users/cleophas/Documents/my/apps/bpm/bpmkata/jbpm-elements-katas/target/classes:/Users/cleophas/.m2/repository/org/kie/kie-api/7.44.0.Final/kie-api-7.44.0.Final.jar:/Users/cleophas/.m2/repository/org/kie/soup/kie-soup-maven-support/7.44.0.Final/kie-soup-maven-support-7.44.0.Final.jar:/Users/cleophas/.m2/repository/org/slf4j/slf4j-api/1.7.26/slf4j-api-1.7.26.jar:/Users/cleophas/.m2/repository/org/kie/kie-internal/7.44.0.Final/kie-internal-7.44.0.Final.jar:/Users/cleophas/.m2/repository/org/optaplanner/optaplanner-core/7.44.0.Final/optaplanner-core-7.44.0.Final.jar:/Users/cleophas/.m2/repository/org/drools/drools-core/7.44.0.Final/drools-core-7.44.0.Final.jar:/Users/cleophas/.m2/repository/org/mvel/mvel2/2.4.10.Final/mvel2-2.4.10.Final.jar:/Users/cleophas/.m2/repository/org/kie/soup/kie-soup-xstream/7.44.0.Final/kie-soup-xstream-7.44.0.Final.jar:/Users/cleophas/.m2/repository/org/drools/drools-core-reflective/7.44.0.Final/drools-core-reflective-7.44.0.Final.jar:/Users/cleophas/.m2/repository/org/drools/drools-core-dynamic/7.44.0.Final/drools-core-dynamic-7.44.0.Final.jar:/Users/cleophas/.m2/repository/org/kie/soup/kie-soup-project-datamodel-commons/7.44.0.Final/kie-soup-project-datamodel-commons-7.44.0.Final.jar:/Users/cleophas/.m2/repository/org/kie/soup/kie-soup-project-datamodel-api/7.44.0.Final/kie-soup-project-datamodel-api-7.44.0.Final.jar:/Users/cleophas/.m2/repository/commons-codec/commons-codec/1.11/commons-codec-1.11.jar:/Users/cleophas/.m2/repository/org/drools/drools-compiler/7.44.0.Final/drools-compiler-7.44.0.Final.jar:/Users/cleophas/.m2/repository/org/kie/soup/kie-soup-commons/7.44.0.Final/kie-soup-commons-7.44.0.Final.jar:/Users/cleophas/.m2/repository/org/antlr/antlr-runtime/3.5.2/antlr-runtime-3.5.2.jar:/Users/cleophas/.m2/repository/com/google/protobuf/protobuf-java/3.6.1/protobuf-java-3.6.1.jar:/Users/cleophas/.m2/repository/org/drools/drools-canonical-model/7.44.0.Final/drools-canonical-model-7.44.0.Final.jar:/Users/cleophas/.m2/repository/org/drools/drools-model-compiler/7.44.0.Final/drools-model-compiler-7.44.0.Final.jar:/Users/cleophas/.m2/repository/com/github/javaparser/javaparser-core/3.13.10/javaparser-core-3.13.10.jar:/Users/cleophas/.m2/repository/org/drools/drools-mvel-parser/7.44.0.Final/drools-mvel-parser-7.44.0.Final.jar:/Users/cleophas/.m2/repository/org/drools/drools-mvel-compiler/7.44.0.Final/drools-mvel-compiler-7.44.0.Final.jar:/Users/cleophas/.m2/repository/org/apache/commons/commons-lang3/3.9/commons-lang3-3.9.jar:/Users/cleophas/.m2/repository/org/apache/commons/commons-math3/3.4.1/commons-math3-3.4.1.jar:/Users/cleophas/.m2/repository/org/reflections/reflections/0.9.11/reflections-0.9.11.jar:/Users/cleophas/.m2/repository/com/google/guava/guava/20.0/guava-20.0.jar:/Users/cleophas/.m2/repository/org/optaplanner/optaplanner-persistence-jaxb/7.44.0.Final/optaplanner-persistence-jaxb-7.44.0.Final.jar:/Users/cleophas/.m2/repository/org/optaplanner/optaplanner-persistence-common/7.44.0.Final/optaplanner-persistence-common-7.44.0.Final.jar:/Users/cleophas/.m2/repository/org/jboss/spec/javax/xml/bind/jboss-jaxb-api_2.3_spec/1.0.1.Final/jboss-jaxb-api_2.3_spec-1.0.1.Final.jar:/Users/cleophas/.m2/repository/junit/junit/4.12/junit-4.12.jar:/Users/cleophas/.m2/repository/org/hamcrest/hamcrest-core/1.3/hamcrest-core-1.3.jar:/Users/cleophas/.m2/repository/com/thoughtworks/xstream/xstream/1.4.11.1/xstream-1.4.11.1.jar:/Users/cleophas/.m2/repository/xmlpull/xmlpull/1.1.3.1/xmlpull-1.1.3.1.jar:/Users/cleophas/.m2/repository/xpp3/xpp3_min/1.1.4c/xpp3_min-1.1.4c.jar:/Users/cleophas/.m2/repository/org/jbpm/jbpm-test/7.44.0.Final/jbpm-test-7.44.0.Final.jar:/Users/cleophas/.m2/repository/org/jbpm/jbpm-bpmn2/7.44.0.Final/jbpm-bpmn2-7.44.0.Final.jar:/Users/cleophas/.m2/repository/org/jbpm/jbpm-flow-builder/7.44.0.Final/jbpm-flow-builder-7.44.0.Final.jar:/Users/cleophas/.m2/repository/org/jbpm/jbpm-flow/7.44.0.Final/jbpm-flow-7.44.0.Final.jar:/Users/cleophas/.m2/repository/org/kie/kie-dmn-api/7.44.0.Final/kie-dmn-api-7.44.0.Final.jar:/Users/cleophas/.m2/repository/org/kie/kie-dmn-feel/7.44.0.Final/kie-dmn-feel-7.44.0.Final.jar:/Users/cleophas/.m2/repository/org/kie/kie-dmn-model/7.44.0.Final/kie-dmn-model-7.44.0.Final.jar:/Users/cleophas/.m2/repository/org/antlr/antlr4-runtime/4.8/antlr4-runtime-4.8.jar:/Users/cleophas/.m2/repository/ch/obermuhlner/big-math/2.0.1/big-math-2.0.1.jar:/Users/cleophas/.m2/repository/org/kie/kie-dmn-core/7.44.0.Final/kie-dmn-core-7.44.0.Final.jar:/Users/cleophas/.m2/repository/org/kie/kie-dmn-backend/7.44.0.Final/kie-dmn-backend-7.44.0.Final.jar:/Users/cleophas/.m2/repository/org/drools/drools-ruleunit/7.44.0.Final/drools-ruleunit-7.44.0.Final.jar:/Users/cleophas/.m2/repository/org/jpmml/pmml-model/1.5.1/pmml-model-1.5.1.jar:/Users/cleophas/.m2/repository/org/jpmml/pmml-agent/1.5.1/pmml-agent-1.5.1.jar:/Users/cleophas/.m2/repository/org/jbpm/jbpm-persistence-jpa/7.44.0.Final/jbpm-persistence-jpa-7.44.0.Final.jar:/Users/cleophas/.m2/repository/org/jbpm/jbpm-persistence-api/7.44.0.Final/jbpm-persistence-api-7.44.0.Final.jar:/Users/cleophas/.m2/repository/org/drools/drools-persistence-jpa/7.44.0.Final/drools-persistence-jpa-7.44.0.Final.jar:/Users/cleophas/.m2/repository/org/drools/drools-persistence-api/7.44.0.Final/drools-persistence-api-7.44.0.Final.jar:/Users/cleophas/.m2/repository/org/jbpm/jbpm-audit/7.44.0.Final/jbpm-audit-7.44.0.Final.jar:/Users/cleophas/.m2/repository/org/jbpm/jbpm-query-jpa/7.44.0.Final/jbpm-query-jpa-7.44.0.Final.jar:/Users/cleophas/.m2/repository/org/jbpm/jbpm-human-task-core/7.44.0.Final/jbpm-human-task-core-7.44.0.Final.jar:/Users/cleophas/.m2/repository/org/jboss/spec/javax/annotation/jboss-annotations-api_1.2_spec/1.0.0.Final/jboss-annotations-api_1.2_spec-1.0.0.Final.jar:/Users/cleophas/.m2/repository/javax/mail/mail/1.4.5/mail-1.4.5.jar:/Users/cleophas/.m2/repository/com/fasterxml/jackson/core/jackson-annotations/2.10.4/jackson-annotations-2.10.4.jar:/Users/cleophas/.m2/repository/com/fasterxml/jackson/core/jackson-core/2.10.4/jackson-core-2.10.4.jar:/Users/cleophas/.m2/repository/com/fasterxml/jackson/core/jackson-databind/2.10.4/jackson-databind-2.10.4.jar:/Users/cleophas/.m2/repository/org/slf4j/jcl-over-slf4j/1.7.26/jcl-over-slf4j-1.7.26.jar:/Users/cleophas/.m2/repository/javax/activation/activation/1.1.1/activation-1.1.1.jar:/Users/cleophas/.m2/repository/org/jbpm/jbpm-human-task-workitems/7.44.0.Final/jbpm-human-task-workitems-7.44.0.Final.jar:/Users/cleophas/.m2/repository/org/jbpm/jbpm-shared-services/7.44.0.Final/jbpm-shared-services-7.44.0.Final.jar:/Users/cleophas/.m2/repository/org/jbpm/jbpm-services-api/7.44.0.Final/jbpm-services-api-7.44.0.Final.jar:/Users/cleophas/.m2/repository/org/jbpm/jbpm-case-mgmt-api/7.44.0.Final/jbpm-case-mgmt-api-7.44.0.Final.jar:/Users/cleophas/.m2/repository/org/jbpm/jbpm-runtime-manager/7.44.0.Final/jbpm-runtime-manager-7.44.0.Final.jar:/Users/cleophas/.m2/repository/org/eclipse/aether/aether-api/1.1.0/aether-api-1.1.0.jar:/Users/cleophas/.m2/repository/org/jbpm/jbpm-human-task-audit/7.44.0.Final/jbpm-human-task-audit-7.44.0.Final.jar:/Users/cleophas/.m2/repository/org/jbpm/jbpm-human-task-jpa/7.44.0.Final/jbpm-human-task-jpa-7.44.0.Final.jar:/Users/cleophas/.m2/repository/com/h2database/h2/1.3.173/h2-1.3.173.jar:/Users/cleophas/.m2/repository/org/hibernate/hibernate-entitymanager/5.3.17.Final/hibernate-entitymanager-5.3.17.Final.jar:/Users/cleophas/.m2/repository/org/jboss/logging/jboss-logging/3.3.2.Final/jboss-logging-3.3.2.Final.jar:/Users/cleophas/.m2/repository/org/dom4j/dom4j/2.1.3/dom4j-2.1.3.jar:/Users/cleophas/.m2/repository/org/hibernate/common/hibernate-commons-annotations/5.0.4.Final/hibernate-commons-annotations-5.0.4.Final.jar:/Users/cleophas/.m2/repository/net/bytebuddy/byte-buddy/1.9.11/byte-buddy-1.9.11.jar:/Users/cleophas/.m2/repository/org/hibernate/hibernate-core/5.3.17.Final/hibernate-core-5.3.17.Final.jar:/Users/cleophas/.m2/repository/antlr/antlr/2.7.7/antlr-2.7.7.jar:/Users/cleophas/.m2/repository/org/jboss/jandex/2.0.5.Final/jandex-2.0.5.Final.jar:/Users/cleophas/.m2/repository/com/fasterxml/classmate/1.3.4/classmate-1.3.4.jar:/Users/cleophas/.m2/repository/javax/xml/bind/jaxb-api/2.3.1/jaxb-api-2.3.1.jar:/Users/cleophas/.m2/repository/org/glassfish/jaxb/jaxb-runtime/2.3.1/jaxb-runtime-2.3.1.jar:/Users/cleophas/.m2/repository/org/glassfish/jaxb/txw2/2.3.1/txw2-2.3.1.jar:/Users/cleophas/.m2/repository/com/sun/istack/istack-commons-runtime/3.0.7/istack-commons-runtime-3.0.7.jar:/Users/cleophas/.m2/repository/org/jvnet/staxex/stax-ex/1.8/stax-ex-1.8.jar:/Users/cleophas/.m2/repository/com/sun/xml/fastinfoset/FastInfoset/1.2.15/FastInfoset-1.2.15.jar:/Users/cleophas/.m2/repository/javax/persistence/javax.persistence-api/2.2/javax.persistence-api-2.2.jar:/Users/cleophas/.m2/repository/org/jboss/narayana/jta/narayana-jta/5.9.0.Final/narayana-jta-5.9.0.Final.jar:/Users/cleophas/.m2/repository/org/jboss/jboss-transaction-spi/7.6.0.Final/jboss-transaction-spi-7.6.0.Final.jar:/Users/cleophas/.m2/repository/org/jboss/spec/javax/resource/jboss-connector-api_1.7_spec/1.0.0.Final/jboss-connector-api_1.7_spec-1.0.0.Final.jar:/Users/cleophas/.m2/repository/org/javassist/javassist/3.26.0-GA/javassist-3.26.0-GA.jar:/Users/cleophas/.m2/repository/org/jboss/spec/javax/transaction/jboss-transaction-api_1.2_spec/1.1.1.Final/jboss-transaction-api_1.2_spec-1.1.1.Final.jar:/Users/cleophas/.m2/repository/org/kie/kie-test-util/7.44.0.Final/kie-test-util-7.44.0.Final.jar:/Users/cleophas/.m2/repository/commons-collections/commons-collections/3.2.2/commons-collections-3.2.2.jar:/Users/cleophas/.m2/repository/org/apache/tomcat/tomcat-dbcp/9.0.21/tomcat-dbcp-9.0.21.jar:/Users/cleophas/.m2/repository/org/apache/tomcat/tomcat-juli/9.0.21/tomcat-juli-9.0.21.jar:/Users/cleophas/.m2/repository/simple-jndi/simple-jndi/0.11.4.1/simple-jndi-0.11.4.1.jar:/Users/cleophas/.m2/repository/ch/qos/logback/logback-classic/1.2.3/logback-classic-1.2.3.jar:/Users/cleophas/.m2/repository/ch/qos/logback/logback-core/1.2.3/logback-core-1.2.3.jar:/Users/cleophas/.m2/repository/org/apache/maven/maven-model/3.3.9/maven-model-3.3.9.jar:/Users/cleophas/.m2/repository/org/codehaus/plexus/plexus-utils/3.0.22/plexus-utils-3.0.22.jar:/Users/cleophas/.m2/repository/org/jbpm/jbpm-test-util/7.44.0.Final/jbpm-test-util-7.44.0.Final.jar:/Users/cleophas/.m2/repository/commons-io/commons-io/2.6/commons-io-2.6.jar:/Users/cleophas/.m2/repository/org/kie/kie-ci/7.44.0.Final/kie-ci-7.44.0.Final.jar:/Users/cleophas/.m2/repository/org/kie/soup/kie-soup-maven-integration/7.44.0.Final/kie-soup-maven-integration-7.44.0.Final.jar:/Users/cleophas/.m2/repository/org/apache/maven/maven-artifact/3.3.9/maven-artifact-3.3.9.jar:/Users/cleophas/.m2/repository/org/apache/maven/maven-plugin-api/3.3.9/maven-plugin-api-3.3.9.jar:/Users/cleophas/.m2/repository/org/eclipse/aether/aether-util/1.1.0/aether-util-1.1.0.jar:/Users/cleophas/.m2/repository/org/eclipse/aether/aether-spi/1.1.0/aether-spi-1.1.0.jar:/Users/cleophas/.m2/repository/org/eclipse/aether/aether-transport-file/1.1.0/aether-transport-file-1.1.0.jar:/Users/cleophas/.m2/repository/org/eclipse/aether/aether-transport-http/1.1.0/aether-transport-http-1.1.0.jar:/Users/cleophas/.m2/repository/org/apache/ant/ant/1.9.15/ant-1.9.15.jar:/Users/cleophas/.m2/repository/org/apache/ant/ant-launcher/1.9.15/ant-launcher-1.9.15.jar:/Users/cleophas/.m2/repository/org/apache/httpcomponents/httpcore/4.4.6/httpcore-4.4.6.jar:/Users/cleophas/.m2/repository/com/google/inject/guice/4.0/guice-4.0-no_aop.jar:/Users/cleophas/.m2/repository/javax/inject/javax.inject/1/javax.inject-1.jar:/Users/cleophas/.m2/repository/aopalliance/aopalliance/1.0/aopalliance-1.0.jar:/Users/cleophas/.m2/repository/org/apache/maven/maven-core/3.3.9/maven-core-3.3.9.jar:/Users/cleophas/.m2/repository/org/apache/maven/maven-repository-metadata/3.3.9/maven-repository-metadata-3.3.9.jar:/Users/cleophas/.m2/repository/org/codehaus/plexus/plexus-interpolation/1.21/plexus-interpolation-1.21.jar:/Users/cleophas/.m2/repository/org/codehaus/plexus/plexus-component-annotations/1.6/plexus-component-annotations-1.6.jar:/Users/cleophas/.m2/repository/org/apache/maven/maven-model-builder/3.3.9/maven-model-builder-3.3.9.jar:/Users/cleophas/.m2/repository/org/apache/maven/maven-builder-support/3.3.9/maven-builder-support-3.3.9.jar:/Users/cleophas/.m2/repository/org/apache/maven/maven-settings/3.3.9/maven-settings-3.3.9.jar:/Users/cleophas/.m2/repository/org/apache/maven/maven-settings-builder/3.3.9/maven-settings-builder-3.3.9.jar:/Users/cleophas/.m2/repository/org/apache/maven/maven-compat/3.3.9/maven-compat-3.3.9.jar:/Users/cleophas/.m2/repository/org/apache/maven/maven-aether-provider/3.3.9/maven-aether-provider-3.3.9.jar:/Users/cleophas/.m2/repository/org/apache/maven/wagon/wagon-provider-api/3.0.0/wagon-provider-api-3.0.0.jar:/Users/cleophas/.m2/repository/org/sonatype/plexus/plexus-sec-dispatcher/1.3/plexus-sec-dispatcher-1.3.jar:/Users/cleophas/.m2/repository/org/codehaus/plexus/plexus-classworlds/2.5.2/plexus-classworlds-2.5.2.jar:/Users/cleophas/.m2/repository/org/eclipse/aether/aether-impl/1.1.0/aether-impl-1.1.0.jar:/Users/cleophas/.m2/repository/org/eclipse/aether/aether-connector-basic/1.1.0/aether-connector-basic-1.1.0.jar:/Users/cleophas/.m2/repository/org/eclipse/aether/aether-transport-wagon/1.1.0/aether-transport-wagon-1.1.0.jar:/Users/cleophas/.m2/repository/org/eclipse/sisu/org.eclipse.sisu.plexus/0.3.2/org.eclipse.sisu.plexus-0.3.2.jar:/Users/cleophas/.m2/repository/javax/enterprise/cdi-api/1.0/cdi-api-1.0.jar:/Users/cleophas/.m2/repository/javax/annotation/jsr250-api/1.0/jsr250-api-1.0.jar:/Users/cleophas/.m2/repository/org/eclipse/sisu/org.eclipse.sisu.inject/0.3.2/org.eclipse.sisu.inject-0.3.2.jar:/Users/cleophas/.m2/repository/org/apache/maven/wagon/wagon-http/3.0.0/wagon-http-3.0.0.jar:/Users/cleophas/.m2/repository/org/apache/maven/wagon/wagon-http-shared/3.0.0/wagon-http-shared-3.0.0.jar:/Users/cleophas/.m2/repository/org/jsoup/jsoup/1.7.2/jsoup-1.7.2.jar:/Users/cleophas/.m2/repository/org/apache/httpcomponents/httpclient/4.5.3/httpclient-4.5.3.jar:/Users/cleophas/.m2/repository/org/sonatype/plexus/plexus-cipher/1.7/plexus-cipher-1.7.jar:"/>
    <property name="java.vm.vendor" value="AdoptOpenJDK"/>
    <property name="sun.arch.data.model" value="64"/>
    <property name="java.vendor.url" value="https://adoptopenjdk.net/"/>
    <property name="user.timezone" value=""/>
    <property name="java.vm.specification.version" value="11"/>
    <property name="os.name" value="Mac OS X"/>
    <property name="sun.java.launcher" value="SUN_STANDARD"/>
    <property name="user.country" value="ZA"/>
    <property name="sun.boot.library.path" value="/Library/Java/JavaVirtualMachines/adoptopenjdk-11.jdk/Contents/Home/lib"/>
    <property name="sun.java.command" value="/Users/cleophas/Documents/my/apps/bpm/bpmkata/jbpm-elements-katas/target/surefire/surefirebooter4929376526473258880.jar /Users/cleophas/Documents/my/apps/bpm/bpmkata/jbpm-elements-katas/target/surefire 2020-12-20T09-41-28_121-jvmRun1 surefire6016452574108292332tmp surefire_015597024586626149610tmp"/>
    <property name="http.nonProxyHosts" value="local|*.local|169.254/16|*.169.254/16"/>
    <property name="jdk.debug" value="release"/>
    <property name="surefire.test.class.path" value="/Users/cleophas/Documents/my/apps/bpm/bpmkata/jbpm-elements-katas/target/test-classes:/Users/cleophas/Documents/my/apps/bpm/bpmkata/jbpm-elements-katas/target/classes:/Users/cleophas/.m2/repository/org/kie/kie-api/7.44.0.Final/kie-api-7.44.0.Final.jar:/Users/cleophas/.m2/repository/org/kie/soup/kie-soup-maven-support/7.44.0.Final/kie-soup-maven-support-7.44.0.Final.jar:/Users/cleophas/.m2/repository/org/slf4j/slf4j-api/1.7.26/slf4j-api-1.7.26.jar:/Users/cleophas/.m2/repository/org/kie/kie-internal/7.44.0.Final/kie-internal-7.44.0.Final.jar:/Users/cleophas/.m2/repository/org/optaplanner/optaplanner-core/7.44.0.Final/optaplanner-core-7.44.0.Final.jar:/Users/cleophas/.m2/repository/org/drools/drools-core/7.44.0.Final/drools-core-7.44.0.Final.jar:/Users/cleophas/.m2/repository/org/mvel/mvel2/2.4.10.Final/mvel2-2.4.10.Final.jar:/Users/cleophas/.m2/repository/org/kie/soup/kie-soup-xstream/7.44.0.Final/kie-soup-xstream-7.44.0.Final.jar:/Users/cleophas/.m2/repository/org/drools/drools-core-reflective/7.44.0.Final/drools-core-reflective-7.44.0.Final.jar:/Users/cleophas/.m2/repository/org/drools/drools-core-dynamic/7.44.0.Final/drools-core-dynamic-7.44.0.Final.jar:/Users/cleophas/.m2/repository/org/kie/soup/kie-soup-project-datamodel-commons/7.44.0.Final/kie-soup-project-datamodel-commons-7.44.0.Final.jar:/Users/cleophas/.m2/repository/org/kie/soup/kie-soup-project-datamodel-api/7.44.0.Final/kie-soup-project-datamodel-api-7.44.0.Final.jar:/Users/cleophas/.m2/repository/commons-codec/commons-codec/1.11/commons-codec-1.11.jar:/Users/cleophas/.m2/repository/org/drools/drools-compiler/7.44.0.Final/drools-compiler-7.44.0.Final.jar:/Users/cleophas/.m2/repository/org/kie/soup/kie-soup-commons/7.44.0.Final/kie-soup-commons-7.44.0.Final.jar:/Users/cleophas/.m2/repository/org/antlr/antlr-runtime/3.5.2/antlr-runtime-3.5.2.jar:/Users/cleophas/.m2/repository/com/google/protobuf/protobuf-java/3.6.1/protobuf-java-3.6.1.jar:/Users/cleophas/.m2/repository/org/drools/drools-canonical-model/7.44.0.Final/drools-canonical-model-7.44.0.Final.jar:/Users/cleophas/.m2/repository/org/drools/drools-model-compiler/7.44.0.Final/drools-model-compiler-7.44.0.Final.jar:/Users/cleophas/.m2/repository/com/github/javaparser/javaparser-core/3.13.10/javaparser-core-3.13.10.jar:/Users/cleophas/.m2/repository/org/drools/drools-mvel-parser/7.44.0.Final/drools-mvel-parser-7.44.0.Final.jar:/Users/cleophas/.m2/repository/org/drools/drools-mvel-compiler/7.44.0.Final/drools-mvel-compiler-7.44.0.Final.jar:/Users/cleophas/.m2/repository/org/apache/commons/commons-lang3/3.9/commons-lang3-3.9.jar:/Users/cleophas/.m2/repository/org/apache/commons/commons-math3/3.4.1/commons-math3-3.4.1.jar:/Users/cleophas/.m2/repository/org/reflections/reflections/0.9.11/reflections-0.9.11.jar:/Users/cleophas/.m2/repository/com/google/guava/guava/20.0/guava-20.0.jar:/Users/cleophas/.m2/repository/org/optaplanner/optaplanner-persistence-jaxb/7.44.0.Final/optaplanner-persistence-jaxb-7.44.0.Final.jar:/Users/cleophas/.m2/repository/org/optaplanner/optaplanner-persistence-common/7.44.0.Final/optaplanner-persistence-common-7.44.0.Final.jar:/Users/cleophas/.m2/repository/org/jboss/spec/javax/xml/bind/jboss-jaxb-api_2.3_spec/1.0.1.Final/jboss-jaxb-api_2.3_spec-1.0.1.Final.jar:/Users/cleophas/.m2/repository/junit/junit/4.12/junit-4.12.jar:/Users/cleophas/.m2/repository/org/hamcrest/hamcrest-core/1.3/hamcrest-core-1.3.jar:/Users/cleophas/.m2/repository/com/thoughtworks/xstream/xstream/1.4.11.1/xstream-1.4.11.1.jar:/Users/cleophas/.m2/repository/xmlpull/xmlpull/1.1.3.1/xmlpull-1.1.3.1.jar:/Users/cleophas/.m2/repository/xpp3/xpp3_min/1.1.4c/xpp3_min-1.1.4c.jar:/Users/cleophas/.m2/repository/org/jbpm/jbpm-test/7.44.0.Final/jbpm-test-7.44.0.Final.jar:/Users/cleophas/.m2/repository/org/jbpm/jbpm-bpmn2/7.44.0.Final/jbpm-bpmn2-7.44.0.Final.jar:/Users/cleophas/.m2/repository/org/jbpm/jbpm-flow-builder/7.44.0.Final/jbpm-flow-builder-7.44.0.Final.jar:/Users/cleophas/.m2/repository/org/jbpm/jbpm-flow/7.44.0.Final/jbpm-flow-7.44.0.Final.jar:/Users/cleophas/.m2/repository/org/kie/kie-dmn-api/7.44.0.Final/kie-dmn-api-7.44.0.Final.jar:/Users/cleophas/.m2/repository/org/kie/kie-dmn-feel/7.44.0.Final/kie-dmn-feel-7.44.0.Final.jar:/Users/cleophas/.m2/repository/org/kie/kie-dmn-model/7.44.0.Final/kie-dmn-model-7.44.0.Final.jar:/Users/cleophas/.m2/repository/org/antlr/antlr4-runtime/4.8/antlr4-runtime-4.8.jar:/Users/cleophas/.m2/repository/ch/obermuhlner/big-math/2.0.1/big-math-2.0.1.jar:/Users/cleophas/.m2/repository/org/kie/kie-dmn-core/7.44.0.Final/kie-dmn-core-7.44.0.Final.jar:/Users/cleophas/.m2/repository/org/kie/kie-dmn-backend/7.44.0.Final/kie-dmn-backend-7.44.0.Final.jar:/Users/cleophas/.m2/repository/org/drools/drools-ruleunit/7.44.0.Final/drools-ruleunit-7.44.0.Final.jar:/Users/cleophas/.m2/repository/org/jpmml/pmml-model/1.5.1/pmml-model-1.5.1.jar:/Users/cleophas/.m2/repository/org/jpmml/pmml-agent/1.5.1/pmml-agent-1.5.1.jar:/Users/cleophas/.m2/repository/org/jbpm/jbpm-persistence-jpa/7.44.0.Final/jbpm-persistence-jpa-7.44.0.Final.jar:/Users/cleophas/.m2/repository/org/jbpm/jbpm-persistence-api/7.44.0.Final/jbpm-persistence-api-7.44.0.Final.jar:/Users/cleophas/.m2/repository/org/drools/drools-persistence-jpa/7.44.0.Final/drools-persistence-jpa-7.44.0.Final.jar:/Users/cleophas/.m2/repository/org/drools/drools-persistence-api/7.44.0.Final/drools-persistence-api-7.44.0.Final.jar:/Users/cleophas/.m2/repository/org/jbpm/jbpm-audit/7.44.0.Final/jbpm-audit-7.44.0.Final.jar:/Users/cleophas/.m2/repository/org/jbpm/jbpm-query-jpa/7.44.0.Final/jbpm-query-jpa-7.44.0.Final.jar:/Users/cleophas/.m2/repository/org/jbpm/jbpm-human-task-core/7.44.0.Final/jbpm-human-task-core-7.44.0.Final.jar:/Users/cleophas/.m2/repository/org/jboss/spec/javax/annotation/jboss-annotations-api_1.2_spec/1.0.0.Final/jboss-annotations-api_1.2_spec-1.0.0.Final.jar:/Users/cleophas/.m2/repository/javax/mail/mail/1.4.5/mail-1.4.5.jar:/Users/cleophas/.m2/repository/com/fasterxml/jackson/core/jackson-annotations/2.10.4/jackson-annotations-2.10.4.jar:/Users/cleophas/.m2/repository/com/fasterxml/jackson/core/jackson-core/2.10.4/jackson-core-2.10.4.jar:/Users/cleophas/.m2/repository/com/fasterxml/jackson/core/jackson-databind/2.10.4/jackson-databind-2.10.4.jar:/Users/cleophas/.m2/repository/org/slf4j/jcl-over-slf4j/1.7.26/jcl-over-slf4j-1.7.26.jar:/Users/cleophas/.m2/repository/javax/activation/activation/1.1.1/activation-1.1.1.jar:/Users/cleophas/.m2/repository/org/jbpm/jbpm-human-task-workitems/7.44.0.Final/jbpm-human-task-workitems-7.44.0.Final.jar:/Users/cleophas/.m2/repository/org/jbpm/jbpm-shared-services/7.44.0.Final/jbpm-shared-services-7.44.0.Final.jar:/Users/cleophas/.m2/repository/org/jbpm/jbpm-services-api/7.44.0.Final/jbpm-services-api-7.44.0.Final.jar:/Users/cleophas/.m2/repository/org/jbpm/jbpm-case-mgmt-api/7.44.0.Final/jbpm-case-mgmt-api-7.44.0.Final.jar:/Users/cleophas/.m2/repository/org/jbpm/jbpm-runtime-manager/7.44.0.Final/jbpm-runtime-manager-7.44.0.Final.jar:/Users/cleophas/.m2/repository/org/eclipse/aether/aether-api/1.1.0/aether-api-1.1.0.jar:/Users/cleophas/.m2/repository/org/jbpm/jbpm-human-task-audit/7.44.0.Final/jbpm-human-task-audit-7.44.0.Final.jar:/Users/cleophas/.m2/repository/org/jbpm/jbpm-human-task-jpa/7.44.0.Final/jbpm-human-task-jpa-7.44.0.Final.jar:/Users/cleophas/.m2/repository/com/h2database/h2/1.3.173/h2-1.3.173.jar:/Users/cleophas/.m2/repository/org/hibernate/hibernate-entitymanager/5.3.17.Final/hibernate-entitymanager-5.3.17.Final.jar:/Users/cleophas/.m2/repository/org/jboss/logging/jboss-logging/3.3.2.Final/jboss-logging-3.3.2.Final.jar:/Users/cleophas/.m2/repository/org/dom4j/dom4j/2.1.3/dom4j-2.1.3.jar:/Users/cleophas/.m2/repository/org/hibernate/common/hibernate-commons-annotations/5.0.4.Final/hibernate-commons-annotations-5.0.4.Final.jar:/Users/cleophas/.m2/repository/net/bytebuddy/byte-buddy/1.9.11/byte-buddy-1.9.11.jar:/Users/cleophas/.m2/repository/org/hibernate/hibernate-core/5.3.17.Final/hibernate-core-5.3.17.Final.jar:/Users/cleophas/.m2/repository/antlr/antlr/2.7.7/antlr-2.7.7.jar:/Users/cleophas/.m2/repository/org/jboss/jandex/2.0.5.Final/jandex-2.0.5.Final.jar:/Users/cleophas/.m2/repository/com/fasterxml/classmate/1.3.4/classmate-1.3.4.jar:/Users/cleophas/.m2/repository/javax/xml/bind/jaxb-api/2.3.1/jaxb-api-2.3.1.jar:/Users/cleophas/.m2/repository/org/glassfish/jaxb/jaxb-runtime/2.3.1/jaxb-runtime-2.3.1.jar:/Users/cleophas/.m2/repository/org/glassfish/jaxb/txw2/2.3.1/txw2-2.3.1.jar:/Users/cleophas/.m2/repository/com/sun/istack/istack-commons-runtime/3.0.7/istack-commons-runtime-3.0.7.jar:/Users/cleophas/.m2/repository/org/jvnet/staxex/stax-ex/1.8/stax-ex-1.8.jar:/Users/cleophas/.m2/repository/com/sun/xml/fastinfoset/FastInfoset/1.2.15/FastInfoset-1.2.15.jar:/Users/cleophas/.m2/repository/javax/persistence/javax.persistence-api/2.2/javax.persistence-api-2.2.jar:/Users/cleophas/.m2/repository/org/jboss/narayana/jta/narayana-jta/5.9.0.Final/narayana-jta-5.9.0.Final.jar:/Users/cleophas/.m2/repository/org/jboss/jboss-transaction-spi/7.6.0.Final/jboss-transaction-spi-7.6.0.Final.jar:/Users/cleophas/.m2/repository/org/jboss/spec/javax/resource/jboss-connector-api_1.7_spec/1.0.0.Final/jboss-connector-api_1.7_spec-1.0.0.Final.jar:/Users/cleophas/.m2/repository/org/javassist/javassist/3.26.0-GA/javassist-3.26.0-GA.jar:/Users/cleophas/.m2/repository/org/jboss/spec/javax/transaction/jboss-transaction-api_1.2_spec/1.1.1.Final/jboss-transaction-api_1.2_spec-1.1.1.Final.jar:/Users/cleophas/.m2/repository/org/kie/kie-test-util/7.44.0.Final/kie-test-util-7.44.0.Final.jar:/Users/cleophas/.m2/repository/commons-collections/commons-collections/3.2.2/commons-collections-3.2.2.jar:/Users/cleophas/.m2/repository/org/apache/tomcat/tomcat-dbcp/9.0.21/tomcat-dbcp-9.0.21.jar:/Users/cleophas/.m2/repository/org/apache/tomcat/tomcat-juli/9.0.21/tomcat-juli-9.0.21.jar:/Users/cleophas/.m2/repository/simple-jndi/simple-jndi/0.11.4.1/simple-jndi-0.11.4.1.jar:/Users/cleophas/.m2/repository/ch/qos/logback/logback-classic/1.2.3/logback-classic-1.2.3.jar:/Users/cleophas/.m2/repository/ch/qos/logback/logback-core/1.2.3/logback-core-1.2.3.jar:/Users/cleophas/.m2/repository/org/apache/maven/maven-model/3.3.9/maven-model-3.3.9.jar:/Users/cleophas/.m2/repository/org/codehaus/plexus/plexus-utils/3.0.22/plexus-utils-3.0.22.jar:/Users/cleophas/.m2/repository/org/jbpm/jbpm-test-util/7.44.0.Final/jbpm-test-util-7.44.0.Final.jar:/Users/cleophas/.m2/repository/commons-io/commons-io/2.6/commons-io-2.6.jar:/Users/cleophas/.m2/repository/org/kie/kie-ci/7.44.0.Final/kie-ci-7.44.0.Final.jar:/Users/cleophas/.m2/repository/org/kie/soup/kie-soup-maven-integration/7.44.0.Final/kie-soup-maven-integration-7.44.0.Final.jar:/Users/cleophas/.m2/repository/org/apache/maven/maven-artifact/3.3.9/maven-artifact-3.3.9.jar:/Users/cleophas/.m2/repository/org/apache/maven/maven-plugin-api/3.3.9/maven-plugin-api-3.3.9.jar:/Users/cleophas/.m2/repository/org/eclipse/aether/aether-util/1.1.0/aether-util-1.1.0.jar:/Users/cleophas/.m2/repository/org/eclipse/aether/aether-spi/1.1.0/aether-spi-1.1.0.jar:/Users/cleophas/.m2/repository/org/eclipse/aether/aether-transport-file/1.1.0/aether-transport-file-1.1.0.jar:/Users/cleophas/.m2/repository/org/eclipse/aether/aether-transport-http/1.1.0/aether-transport-http-1.1.0.jar:/Users/cleophas/.m2/repository/org/apache/ant/ant/1.9.15/ant-1.9.15.jar:/Users/cleophas/.m2/repository/org/apache/ant/ant-launcher/1.9.15/ant-launcher-1.9.15.jar:/Users/cleophas/.m2/repository/org/apache/httpcomponents/httpcore/4.4.6/httpcore-4.4.6.jar:/Users/cleophas/.m2/repository/com/google/inject/guice/4.0/guice-4.0-no_aop.jar:/Users/cleophas/.m2/repository/javax/inject/javax.inject/1/javax.inject-1.jar:/Users/cleophas/.m2/repository/aopalliance/aopalliance/1.0/aopalliance-1.0.jar:/Users/cleophas/.m2/repository/org/apache/maven/maven-core/3.3.9/maven-core-3.3.9.jar:/Users/cleophas/.m2/repository/org/apache/maven/maven-repository-metadata/3.3.9/maven-repository-metadata-3.3.9.jar:/Users/cleophas/.m2/repository/org/codehaus/plexus/plexus-interpolation/1.21/plexus-interpolation-1.21.jar:/Users/cleophas/.m2/repository/org/codehaus/plexus/plexus-component-annotations/1.6/plexus-component-annotations-1.6.jar:/Users/cleophas/.m2/repository/org/apache/maven/maven-model-builder/3.3.9/maven-model-builder-3.3.9.jar:/Users/cleophas/.m2/repository/org/apache/maven/maven-builder-support/3.3.9/maven-builder-support-3.3.9.jar:/Users/cleophas/.m2/repository/org/apache/maven/maven-settings/3.3.9/maven-settings-3.3.9.jar:/Users/cleophas/.m2/repository/org/apache/maven/maven-settings-builder/3.3.9/maven-settings-builder-3.3.9.jar:/Users/cleophas/.m2/repository/org/apache/maven/maven-compat/3.3.9/maven-compat-3.3.9.jar:/Users/cleophas/.m2/repository/org/apache/maven/maven-aether-provider/3.3.9/maven-aether-provider-3.3.9.jar:/Users/cleophas/.m2/repository/org/apache/maven/wagon/wagon-provider-api/3.0.0/wagon-provider-api-3.0.0.jar:/Users/cleophas/.m2/repository/org/sonatype/plexus/plexus-sec-dispatcher/1.3/plexus-sec-dispatcher-1.3.jar:/Users/cleophas/.m2/repository/org/codehaus/plexus/plexus-classworlds/2.5.2/plexus-classworlds-2.5.2.jar:/Users/cleophas/.m2/repository/org/eclipse/aether/aether-impl/1.1.0/aether-impl-1.1.0.jar:/Users/cleophas/.m2/repository/org/eclipse/aether/aether-connector-basic/1.1.0/aether-connector-basic-1.1.0.jar:/Users/cleophas/.m2/repository/org/eclipse/aether/aether-transport-wagon/1.1.0/aether-transport-wagon-1.1.0.jar:/Users/cleophas/.m2/repository/org/eclipse/sisu/org.eclipse.sisu.plexus/0.3.2/org.eclipse.sisu.plexus-0.3.2.jar:/Users/cleophas/.m2/repository/javax/enterprise/cdi-api/1.0/cdi-api-1.0.jar:/Users/cleophas/.m2/repository/javax/annotation/jsr250-api/1.0/jsr250-api-1.0.jar:/Users/cleophas/.m2/repository/org/eclipse/sisu/org.eclipse.sisu.inject/0.3.2/org.eclipse.sisu.inject-0.3.2.jar:/Users/cleophas/.m2/repository/org/apache/maven/wagon/wagon-http/3.0.0/wagon-http-3.0.0.jar:/Users/cleophas/.m2/repository/org/apache/maven/wagon/wagon-http-shared/3.0.0/wagon-http-shared-3.0.0.jar:/Users/cleophas/.m2/repository/org/jsoup/jsoup/1.7.2/jsoup-1.7.2.jar:/Users/cleophas/.m2/repository/org/apache/httpcomponents/httpclient/4.5.3/httpclient-4.5.3.jar:/Users/cleophas/.m2/repository/org/sonatype/plexus/plexus-cipher/1.7/plexus-cipher-1.7.jar:"/>
    <property name="sun.cpu.endian" value="little"/>
    <property name="user.home" value="/Users/cleophas"/>
    <property name="user.language" value="en"/>
    <property name="java.specification.vendor" value="Oracle Corporation"/>
    <property name="java.version.date" value="2020-07-14"/>
    <property name="java.home" value="/Library/Java/JavaVirtualMachines/adoptopenjdk-11.jdk/Contents/Home"/>
    <property name="file.separator" value="/"/>
    <property name="basedir" value="/Users/cleophas/Documents/my/apps/bpm/bpmkata/jbpm-elements-katas"/>
    <property name="java.vm.compressedOopsMode" value="Zero based"/>
    <property name="line.separator" value="&#10;"/>
    <property name="java.specification.name" value="Java Platform API Specification"/>
    <property name="java.vm.specification.vendor" value="Oracle Corporation"/>
    <property name="java.awt.graphicsenv" value="sun.awt.CGraphicsEnvironment"/>
    <property name="surefire.real.class.path" value="/Users/cleophas/Documents/my/apps/bpm/bpmkata/jbpm-elements-katas/target/surefire/surefirebooter4929376526473258880.jar"/>
    <property name="sun.management.compiler" value="HotSpot 64-Bit Tiered Compilers"/>
    <property name="ftp.nonProxyHosts" value="local|*.local|169.254/16|*.169.254/16"/>
    <property name="java.runtime.version" value="11.0.8+10"/>
    <property name="user.name" value="cleophas"/>
    <property name="path.separator" value=":"/>
    <property name="os.version" value="10.16"/>
    <property name="java.runtime.name" value="OpenJDK Runtime Environment"/>
    <property name="file.encoding" value="UTF-8"/>
    <property name="java.vm.name" value="OpenJDK 64-Bit Server VM"/>
    <property name="java.vendor.version" value="AdoptOpenJDK"/>
    <property name="localRepository" value="/Users/cleophas/.m2/repository"/>
    <property name="java.vendor.url.bug" value="https://github.com/AdoptOpenJDK/openjdk-support/issues"/>
    <property name="java.io.tmpdir" value="/var/folders/rp/d79517ln6pdgtnbbhvtpprjh0000gp/T/"/>
    <property name="java.version" value="11.0.8"/>
    <property name="user.dir" value="/Users/cleophas/Documents/my/apps/bpm/bpmkata/jbpm-elements-katas"/>
    <property name="os.arch" value="x86_64"/>
    <property name="java.vm.specification.name" value="Java Virtual Machine Specification"/>
    <property name="java.awt.printerjob" value="sun.lwawt.macosx.CPrinterJob"/>
    <property name="sun.os.patch.level" value="unknown"/>
    <property name="java.library.path" value="/Users/cleophas/Library/Java/Extensions:/Library/Java/Extensions:/Network/Library/Java/Extensions:/System/Library/Java/Extensions:/usr/lib/java:."/>
    <property name="java.vm.info" value="mixed mode"/>
    <property name="java.vendor" value="AdoptOpenJDK"/>
    <property name="java.vm.version" value="11.0.8+10"/>
    <property name="sun.io.unicode.encoding" value="UnicodeBig"/>
    <property name="java.class.version" value="55.0"/>
    <property name="socksNonProxyHosts" value="local|*.local|169.254/16|*.169.254/16"/>
  </properties>
  <testcase name="givenPizzaIsDeliveredSmoothly" classname="com.myspace.jbpm_elements_katas.ExclusiveGatewayPizzaDeliveryTest" time="1.489">
    <system-out><![CDATA[09:41:28.940 [main] DEBUG org.jbpm.services.task.identity.AbstractUserGroupInfo - Callback properties will be loaded from classpath:/usergroups.properties
09:41:28.944 [main] DEBUG org.jbpm.services.task.identity.JBossUserGroupCallbackImpl - Loaded properties {doctor=users,PM, Administrator=Administrators, frontDesk=users,PM, manager=managers,HR, mary=admins,managers,users,HR, admin=admins,managers,users,webdesigners,functionalanalysts, sales-rep=admin,managers,users,sales, john=admins,managers,users,PM, salaboy=admins,users, krisv=admins,managers,users}
09:41:28.944 [main] DEBUG org.jbpm.test.JbpmJUnitBaseTestCase - Configuring entire test case to have data source enabled false and session persistence enabled false with persistence unit name org.jbpm.persistence.jpa
09:41:28.972 [main] DEBUG org.kie.api.internal.utils.ServiceDiscoveryImpl - Loading kie.conf from  jar:file:/Users/cleophas/.m2/repository/org/kie/kie-internal/7.44.0.Final/kie-internal-7.44.0.Final.jar!/META-INF/kie.conf in classloader jdk.internal.loader.ClassLoaders$AppClassLoader@277050dc
09:41:28.973 [main] DEBUG org.kie.api.internal.utils.ServiceDiscoveryImpl - Adding Service org.kie.internal.services.KieAssemblersImpl

09:41:28.974 [main] DEBUG org.kie.api.internal.utils.ServiceDiscoveryImpl - Adding Service org.kie.internal.services.KieRuntimesImpl

09:41:28.975 [main] DEBUG org.kie.api.internal.utils.ServiceDiscoveryImpl - Adding Service org.kie.internal.services.KieWeaversImpl

09:41:28.975 [main] DEBUG org.kie.api.internal.utils.ServiceDiscoveryImpl - Adding Service org.kie.internal.services.KieBeliefsImpl

09:41:28.976 [main] DEBUG org.kie.api.internal.utils.ServiceDiscoveryImpl - Loading kie.conf from  jar:file:/Users/cleophas/.m2/repository/org/optaplanner/optaplanner-core/7.44.0.Final/optaplanner-core-7.44.0.Final.jar!/META-INF/kie.conf in classloader jdk.internal.loader.ClassLoaders$AppClassLoader@277050dc
09:41:28.979 [main] DEBUG org.kie.api.internal.utils.ServiceDiscoveryImpl - Adding Service +org.optaplanner.core.impl.solver.kie.KieSolverAssemblerService

09:41:28.979 [main] DEBUG org.kie.api.internal.utils.ServiceDiscoveryImpl - Loading kie.conf from  jar:file:/Users/cleophas/.m2/repository/org/drools/drools-core/7.44.0.Final/drools-core-7.44.0.Final.jar!/META-INF/kie.conf in classloader jdk.internal.loader.ClassLoaders$AppClassLoader@277050dc
09:41:28.980 [main] DEBUG org.kie.api.internal.utils.ServiceDiscoveryImpl - Adding Service org.drools.core.io.impl.ResourceFactoryServiceImpl

09:41:28.981 [main] DEBUG org.kie.api.internal.utils.ServiceDiscoveryImpl - Adding Service org.drools.core.marshalling.impl.MarshallerProviderImpl

09:41:28.982 [main] DEBUG org.kie.api.internal.utils.ServiceDiscoveryImpl - Adding Service org.drools.core.concurrent.ExecutorProviderImpl

09:41:28.982 [main] DEBUG org.kie.api.internal.utils.ServiceDiscoveryImpl - Loading kie.conf from  jar:file:/Users/cleophas/.m2/repository/org/drools/drools-compiler/7.44.0.Final/drools-compiler-7.44.0.Final.jar!/META-INF/kie.conf in classloader jdk.internal.loader.ClassLoaders$AppClassLoader@277050dc
09:41:28.987 [main] DEBUG org.kie.api.internal.utils.ServiceDiscoveryImpl - Adding Service org.drools.compiler.kie.builder.impl.KieServicesImpl

09:41:28.988 [main] DEBUG org.kie.api.internal.utils.ServiceDiscoveryImpl - Adding Service org.drools.compiler.builder.impl.KnowledgeBuilderFactoryServiceImpl

09:41:28.989 [main] DEBUG org.kie.api.internal.utils.ServiceDiscoveryImpl - Adding Service org.drools.compiler.builder.impl.JaxbConfigurationFactoryServiceImpl

09:41:28.990 [main] DEBUG org.kie.api.internal.utils.ServiceDiscoveryImpl - Loading kie.conf from  jar:file:/Users/cleophas/.m2/repository/org/drools/drools-model-compiler/7.44.0.Final/drools-model-compiler-7.44.0.Final.jar!/META-INF/kie.conf in classloader jdk.internal.loader.ClassLoaders$AppClassLoader@277050dc
09:41:28.993 [main] DEBUG org.kie.api.internal.utils.ServiceDiscoveryImpl - Adding Service org.drools.modelcompiler.CanonicalKieModuleProvider

09:41:28.993 [main] DEBUG org.kie.api.internal.utils.ServiceDiscoveryImpl - Loading kie.conf from  jar:file:/Users/cleophas/.m2/repository/org/jbpm/jbpm-bpmn2/7.44.0.Final/jbpm-bpmn2-7.44.0.Final.jar!/META-INF/kie.conf in classloader jdk.internal.loader.ClassLoaders$AppClassLoader@277050dc
09:41:29.063 [main] DEBUG org.kie.api.internal.utils.ServiceDiscoveryImpl - Adding Service org.jbpm.bpmn2.BPMN2ProcessProviderImpl

09:41:29.063 [main] DEBUG org.kie.api.internal.utils.ServiceDiscoveryImpl - Adding Service org.jbpm.bpmn2.xml.XmlProcessDumperFactoryServiceImpl

09:41:29.063 [main] DEBUG org.kie.api.internal.utils.ServiceDiscoveryImpl - Loading kie.conf from  jar:file:/Users/cleophas/.m2/repository/org/jbpm/jbpm-flow-builder/7.44.0.Final/jbpm-flow-builder-7.44.0.Final.jar!/META-INF/kie.conf in classloader jdk.internal.loader.ClassLoaders$AppClassLoader@277050dc
09:41:29.064 [main] DEBUG org.kie.api.internal.utils.ServiceDiscoveryImpl - Adding Service org.jbpm.process.builder.ProcessBuilderFactoryServiceImpl

09:41:29.064 [main] DEBUG org.kie.api.internal.utils.ServiceDiscoveryImpl - Adding Service +org.jbpm.assembler.BPMN2AssemblerService

09:41:29.065 [main] DEBUG org.kie.api.internal.utils.ServiceDiscoveryImpl - Adding Service +org.jbpm.weaver.BPMN2WeaverService

09:41:29.065 [main] DEBUG org.kie.api.internal.utils.ServiceDiscoveryImpl - Adding Service +org.jbpm.assembler.DRFAssemblerService

09:41:29.065 [main] DEBUG org.kie.api.internal.utils.ServiceDiscoveryImpl - Adding Service +org.jbpm.weaver.DRFWeaverService

09:41:29.065 [main] DEBUG org.kie.api.internal.utils.ServiceDiscoveryImpl - Loading kie.conf from  jar:file:/Users/cleophas/.m2/repository/org/jbpm/jbpm-flow/7.44.0.Final/jbpm-flow-7.44.0.Final.jar!/META-INF/kie.conf in classloader jdk.internal.loader.ClassLoaders$AppClassLoader@277050dc
09:41:29.066 [main] DEBUG org.kie.api.internal.utils.ServiceDiscoveryImpl - Adding Service org.jbpm.marshalling.impl.ProcessMarshallerFactoryServiceImpl

09:41:29.067 [main] DEBUG org.kie.api.internal.utils.ServiceDiscoveryImpl - Adding Service org.jbpm.process.instance.ProcessRuntimeFactoryServiceImpl

09:41:29.067 [main] DEBUG org.kie.api.internal.utils.ServiceDiscoveryImpl - Loading kie.conf from  jar:file:/Users/cleophas/.m2/repository/org/kie/kie-dmn-core/7.44.0.Final/kie-dmn-core-7.44.0.Final.jar!/META-INF/kie.conf in classloader jdk.internal.loader.ClassLoaders$AppClassLoader@277050dc
09:41:29.069 [main] DEBUG org.kie.api.internal.utils.ServiceDiscoveryImpl - Adding Service +org.kie.dmn.core.assembler.DMNAssemblerService

09:41:29.070 [main] DEBUG org.kie.api.internal.utils.ServiceDiscoveryImpl - Adding Service +org.kie.dmn.core.runtime.DMNRuntimeService

09:41:29.070 [main] DEBUG org.kie.api.internal.utils.ServiceDiscoveryImpl - Adding Service +org.kie.dmn.core.weaver.DMNWeaverService

09:41:29.070 [main] DEBUG org.kie.api.internal.utils.ServiceDiscoveryImpl - Loading kie.conf from  jar:file:/Users/cleophas/.m2/repository/org/drools/drools-ruleunit/7.44.0.Final/drools-ruleunit-7.44.0.Final.jar!/META-INF/kie.conf in classloader jdk.internal.loader.ClassLoaders$AppClassLoader@277050dc
09:41:29.071 [main] DEBUG org.kie.api.internal.utils.ServiceDiscoveryImpl - Adding Service org.drools.ruleunit.impl.RuleUnitComponentFactoryImpl

09:41:29.072 [main] DEBUG org.kie.api.internal.utils.ServiceDiscoveryImpl - Loading kie.conf from  jar:file:/Users/cleophas/.m2/repository/org/drools/drools-persistence-jpa/7.44.0.Final/drools-persistence-jpa-7.44.0.Final.jar!/META-INF/kie.conf in classloader jdk.internal.loader.ClassLoaders$AppClassLoader@277050dc
09:41:29.074 [main] DEBUG org.kie.api.internal.utils.ServiceDiscoveryImpl - Adding Service org.drools.persistence.jpa.KnowledgeStoreServiceImpl

09:41:29.074 [main] DEBUG org.kie.api.internal.utils.ServiceDiscoveryImpl - Adding Service org.jbpm.persistence.correlation.JPACorrelationKeyFactory

09:41:29.075 [main] DEBUG org.kie.api.internal.utils.ServiceDiscoveryImpl - Loading kie.conf from  jar:file:/Users/cleophas/.m2/repository/org/jbpm/jbpm-human-task-jpa/7.44.0.Final/jbpm-human-task-jpa-7.44.0.Final.jar!/META-INF/kie.conf in classloader jdk.internal.loader.ClassLoaders$AppClassLoader@277050dc
09:41:29.076 [main] DEBUG org.kie.api.internal.utils.ServiceDiscoveryImpl - Adding Service org.jbpm.services.task.persistence.TaskModelProviderImpl

09:41:29.076 [main] DEBUG org.kie.api.internal.utils.ServiceDiscoveryImpl - Loading kie.conf from  jar:file:/Users/cleophas/.m2/repository/org/kie/kie-ci/7.44.0.Final/kie-ci-7.44.0.Final.jar!/META-INF/kie.conf in classloader jdk.internal.loader.ClassLoaders$AppClassLoader@277050dc
09:41:29.076 [main] DEBUG org.kie.api.internal.utils.ServiceDiscoveryImpl - Adding Service org.kie.scanner.KieScannerFactoryServiceImpl

09:41:29.077 [main] DEBUG org.kie.api.internal.utils.ServiceDiscoveryImpl - Adding Service org.kie.scanner.MavenClassLoaderResolver

09:41:29.204 [main] DEBUG org.jbpm.process.core.impl.DataTransformerRegistry - Registered scripting language http://www.java.com/mvel with instance org.jbpm.process.core.transformation.JavaScriptingDataTransformer@41925502
09:41:29.470 [main] DEBUG org.jbpm.process.core.impl.DataTransformerRegistry - Registered scripting language http://www.java.com/nashorn with instance org.jbpm.process.core.transformation.JavaScriptingDataTransformer@687a762c
09:41:29.470 [main] DEBUG org.jbpm.process.core.impl.DataTransformerRegistry - Registered scripting language http://www.java.com/Nashorn with instance org.jbpm.process.core.transformation.JavaScriptingDataTransformer@687a762c
09:41:29.470 [main] DEBUG org.jbpm.process.core.impl.DataTransformerRegistry - Registered scripting language http://www.java.com/js with instance org.jbpm.process.core.transformation.JavaScriptingDataTransformer@687a762c
09:41:29.470 [main] DEBUG org.jbpm.process.core.impl.DataTransformerRegistry - Registered scripting language http://www.java.com/JS with instance org.jbpm.process.core.transformation.JavaScriptingDataTransformer@687a762c
09:41:29.470 [main] DEBUG org.jbpm.process.core.impl.DataTransformerRegistry - Registered scripting language http://www.java.com/JavaScript with instance org.jbpm.process.core.transformation.JavaScriptingDataTransformer@687a762c
09:41:29.470 [main] DEBUG org.jbpm.process.core.impl.DataTransformerRegistry - Registered scripting language http://www.java.com/javascript with instance org.jbpm.process.core.transformation.JavaScriptingDataTransformer@687a762c
09:41:29.470 [main] DEBUG org.jbpm.process.core.impl.DataTransformerRegistry - Registered scripting language http://www.java.com/ECMAScript with instance org.jbpm.process.core.transformation.JavaScriptingDataTransformer@687a762c
09:41:29.471 [main] DEBUG org.jbpm.process.core.impl.DataTransformerRegistry - Registered scripting language http://www.java.com/ecmascript with instance org.jbpm.process.core.transformation.JavaScriptingDataTransformer@687a762c
09:41:30.235 [main] DEBUG org.kie.internal.runtime.manager.deploy.DeploymentDescriptorManager - No descriptor found returning default instance
09:41:30.248 [main] DEBUG org.jbpm.runtime.manager.impl.error.ExecutionErrorManagerImpl - Error handling filters [TaskExecutionErrorFilter [accepts=CannotAddTaskException, ignores=PermissionDeniedException], ProcessExecutionErrorFilter [accepts=WorkflowRuntimeException, ignores=], DBExecutionErrorFilter [accepts=SQLException,HibernateException, ignores=]]
09:41:30.248 [main] DEBUG org.jbpm.runtime.manager.impl.error.ExecutionErrorManagerImpl - Execution error storage org.jbpm.runtime.manager.impl.error.DefaultExecutionErrorStorage@7a0f244f
09:41:30.248 [main] DEBUG org.jbpm.runtime.manager.impl.error.ExecutionErrorManagerImpl - Error event listeners java.util.ServiceLoader[org.kie.internal.runtime.error.ExecutionErrorListener]
09:41:30.249 [main] INFO org.jbpm.runtime.manager.impl.AbstractRuntimeManager - SingletonRuntimeManager is created for default-singleton
Home Delivery selected
Collect selected
09:41:30.337 [main] DEBUG org.drools.core.common.DefaultAgenda - State was INACTIVE is now DISPOSED
]]></system-out>
    <system-err><![CDATA[Warning: Nashorn engine is planned to be removed from a future JDK release
]]></system-err>
  </testcase>
</testsuite>